ARM GAS  C:\Users\rumackr\AppData\Local\Temp\ccIw459R.s 			page 1


   1              		.syntax unified
   2              		.cpu cortex-m3
   3              		.fpu softvfp
   4              		.eabi_attribute 20, 1
   5              		.eabi_attribute 21, 1
   6              		.eabi_attribute 23, 3
   7              		.eabi_attribute 24, 1
   8              		.eabi_attribute 25, 1
   9              		.eabi_attribute 26, 1
  10              		.eabi_attribute 30, 1
  11              		.eabi_attribute 34, 1
  12              		.eabi_attribute 18, 4
  13              		.thumb
  14              		.syntax unified
  15              		.file	"buzzer.c"
  16              		.text
  17              	.Ltext0:
  18              		.cfi_sections	.debug_frame
  19              		.global	__aeabi_i2d
  20              		.global	__aeabi_dadd
  21              		.global	__aeabi_ddiv
  22              		.global	__aeabi_d2uiz
  23              		.section	.text.buzzerPlayTone,"ax",%progbits
  24              		.align	2
  25              		.global	buzzerPlayTone
  26              		.thumb
  27              		.thumb_func
  28              		.type	buzzerPlayTone, %function
  29              	buzzerPlayTone:
  30              	.LFB64:
  31              		.file 1 "buzzer.c"
   1:buzzer.c      **** /* ========================================
   2:buzzer.c      ****  *
   3:buzzer.c      ****  * Copyright YOUR COMPANY, THE YEAR
   4:buzzer.c      ****  * All Rights Reserved
   5:buzzer.c      ****  * UNPUBLISHED, LICENSED SOFTWARE.
   6:buzzer.c      ****  *
   7:buzzer.c      ****  * CONFIDENTIAL AND PROPRIETARY INFORMATION
   8:buzzer.c      ****  * WHICH IS THE PROPERTY OF your company.
   9:buzzer.c      ****  *
  10:buzzer.c      ****  * ========================================
  11:buzzer.c      **** */
  12:buzzer.c      **** #include <stdio.h>
  13:buzzer.c      **** #include <inttypes.h>
  14:buzzer.c      **** #include "project.h"
  15:buzzer.c      **** 
  16:buzzer.c      **** #include "buzzer.h"
  17:buzzer.c      **** 
  18:buzzer.c      **** void buzzerPlayTone(const uint32_t ms_duration,  uint16_t frq) {
  32              		.loc 1 18 0
  33              		.cfi_startproc
  34              		@ args = 0, pretend = 0, frame = 0
  35              		@ frame_needed = 0, uses_anonymous_args = 0
  36              	.LVL0:
  37 0000 F8B5     		push	{r3, r4, r5, r6, r7, lr}
  38              		.cfi_def_cfa_offset 24
  39              		.cfi_offset 3, -24
ARM GAS  C:\Users\rumackr\AppData\Local\Temp\ccIw459R.s 			page 2


  40              		.cfi_offset 4, -20
  41              		.cfi_offset 5, -16
  42              		.cfi_offset 6, -12
  43              		.cfi_offset 7, -8
  44              		.cfi_offset 14, -4
  45 0002 0446     		mov	r4, r0
  19:buzzer.c      **** 
  20:buzzer.c      ****     // put a boundary on the frequency
  21:buzzer.c      **** //    if(frq < 300){
  22:buzzer.c      **** //        frq = 300;
  23:buzzer.c      **** //    }
  24:buzzer.c      ****     if(frq > 3000){
  46              		.loc 1 24 0
  47 0004 40F6B833 		movw	r3, #3000
  48 0008 9942     		cmp	r1, r3
  49 000a 00D9     		bls	.L2
  25:buzzer.c      ****         frq = 3000;
  50              		.loc 1 25 0
  51 000c 1946     		mov	r1, r3
  52              	.LVL1:
  53              	.L2:
  26:buzzer.c      ****     }
  27:buzzer.c      ****     
  28:buzzer.c      ****    	uint32_t delay = (uint32_t)1000000.0 / (2.0 * frq);
  54              		.loc 1 28 0
  55 000e 0846     		mov	r0, r1
  56              	.LVL2:
  57 0010 FFF7FEFF 		bl	__aeabi_i2d
  58              	.LVL3:
  59 0014 0246     		mov	r2, r0
  60 0016 0B46     		mov	r3, r1
  61 0018 FFF7FEFF 		bl	__aeabi_dadd
  62              	.LVL4:
  63 001c 0246     		mov	r2, r0
  64 001e 0B46     		mov	r3, r1
  65 0020 11A1     		adr	r1, .L7
  66 0022 D1E90001 		ldrd	r0, [r1]
  67 0026 FFF7FEFF 		bl	__aeabi_ddiv
  68              	.LVL5:
  69 002a FFF7FEFF 		bl	__aeabi_d2uiz
  70              	.LVL6:
  71 002e 0746     		mov	r7, r0
  72              	.LVL7:
  29:buzzer.c      ****     uint32_t duration =  (delay/1000)*ms_duration;
  73              		.loc 1 29 0
  74 0030 0F4E     		ldr	r6, .L7+8
  75 0032 A6FB0036 		umull	r3, r6, r6, r0
  76 0036 B609     		lsrs	r6, r6, #6
  77 0038 04FB06F6 		mul	r6, r4, r6
  78              	.LVL8:
  79              	.LBB2:
  30:buzzer.c      ****     for(int i = 0; i < duration; i++){
  80              		.loc 1 30 0
  81 003c 0024     		movs	r4, #0
  82              	.LVL9:
  83 003e 0DE0     		b	.L3
  84              	.LVL10:
ARM GAS  C:\Users\rumackr\AppData\Local\Temp\ccIw459R.s 			page 3


  85              	.L4:
  31:buzzer.c      **** 	  BUZZ_Write(1);
  86              		.loc 1 31 0 discriminator 3
  87 0040 0120     		movs	r0, #1
  88 0042 FFF7FEFF 		bl	BUZZ_Write
  89              	.LVL11:
  32:buzzer.c      **** 	  CyDelayUs(delay);
  90              		.loc 1 32 0 discriminator 3
  91 0046 BDB2     		uxth	r5, r7
  92 0048 2846     		mov	r0, r5
  93 004a FFF7FEFF 		bl	CyDelayUs
  94              	.LVL12:
  33:buzzer.c      **** 	  BUZZ_Write(0);
  95              		.loc 1 33 0 discriminator 3
  96 004e 0020     		movs	r0, #0
  97 0050 FFF7FEFF 		bl	BUZZ_Write
  98              	.LVL13:
  34:buzzer.c      **** 	  CyDelayUs(delay);
  99              		.loc 1 34 0 discriminator 3
 100 0054 2846     		mov	r0, r5
 101 0056 FFF7FEFF 		bl	CyDelayUs
 102              	.LVL14:
  30:buzzer.c      **** 	  BUZZ_Write(1);
 103              		.loc 1 30 0 discriminator 3
 104 005a 0134     		adds	r4, r4, #1
 105              	.LVL15:
 106              	.L3:
  30:buzzer.c      **** 	  BUZZ_Write(1);
 107              		.loc 1 30 0 is_stmt 0 discriminator 1
 108 005c A642     		cmp	r6, r4
 109 005e EFD8     		bhi	.L4
 110              	.LBE2:
  35:buzzer.c      **** 	}
  36:buzzer.c      **** 
  37:buzzer.c      **** }
 111              		.loc 1 37 0 is_stmt 1
 112 0060 F8BD     		pop	{r3, r4, r5, r6, r7, pc}
 113              	.LVL16:
 114              	.L8:
 115 0062 00BFAFF3 		.align	3
 115      0080
 116              	.L7:
 117 0068 00000000 		.word	0
 118 006c 80842E41 		.word	1093567616
 119 0070 D34D6210 		.word	274877907
 120              		.cfi_endproc
 121              	.LFE64:
 122              		.size	buzzerPlayTone, .-buzzerPlayTone
 123              		.text
 124              	.Letext0:
 125              		.file 2 "c:\\program files (x86)\\cypress\\psoc creator\\4.1\\psoc creator\\import\\gnu\\arm\\5.4.
 126              		.file 3 "c:\\program files (x86)\\cypress\\psoc creator\\4.1\\psoc creator\\import\\gnu\\arm\\5.4.
 127              		.file 4 "Generated_Source\\PSoC5/BUZZ.h"
 128              		.file 5 "Generated_Source\\PSoC5/CyLib.h"
 129              		.file 6 "Generated_Source\\PSoC5/core_cm3.h"
 130              		.section	.debug_info,"",%progbits
 131              	.Ldebug_info0:
ARM GAS  C:\Users\rumackr\AppData\Local\Temp\ccIw459R.s 			page 4


 132 0000 AC010000 		.4byte	0x1ac
 133 0004 0400     		.2byte	0x4
 134 0006 00000000 		.4byte	.Ldebug_abbrev0
 135 000a 04       		.byte	0x4
 136 000b 01       		.uleb128 0x1
 137 000c 53000000 		.4byte	.LASF25
 138 0010 0C       		.byte	0xc
 139 0011 96010000 		.4byte	.LASF26
 140 0015 3A010000 		.4byte	.LASF27
 141 0019 00000000 		.4byte	.Ldebug_ranges0+0
 142 001d 00000000 		.4byte	0
 143 0021 00000000 		.4byte	.Ldebug_line0
 144 0025 02       		.uleb128 0x2
 145 0026 01       		.byte	0x1
 146 0027 06       		.byte	0x6
 147 0028 0B020000 		.4byte	.LASF0
 148 002c 02       		.uleb128 0x2
 149 002d 01       		.byte	0x1
 150 002e 08       		.byte	0x8
 151 002f 45000000 		.4byte	.LASF1
 152 0033 02       		.uleb128 0x2
 153 0034 02       		.byte	0x2
 154 0035 05       		.byte	0x5
 155 0036 DA010000 		.4byte	.LASF2
 156 003a 03       		.uleb128 0x3
 157 003b 13010000 		.4byte	.LASF4
 158 003f 02       		.byte	0x2
 159 0040 2B       		.byte	0x2b
 160 0041 45000000 		.4byte	0x45
 161 0045 02       		.uleb128 0x2
 162 0046 02       		.byte	0x2
 163 0047 07       		.byte	0x7
 164 0048 F3000000 		.4byte	.LASF3
 165 004c 03       		.uleb128 0x3
 166 004d 26000000 		.4byte	.LASF5
 167 0051 02       		.byte	0x2
 168 0052 3F       		.byte	0x3f
 169 0053 57000000 		.4byte	0x57
 170 0057 02       		.uleb128 0x2
 171 0058 04       		.byte	0x4
 172 0059 05       		.byte	0x5
 173 005a F6010000 		.4byte	.LASF6
 174 005e 03       		.uleb128 0x3
 175 005f 25010000 		.4byte	.LASF7
 176 0063 02       		.byte	0x2
 177 0064 41       		.byte	0x41
 178 0065 69000000 		.4byte	0x69
 179 0069 02       		.uleb128 0x2
 180 006a 04       		.byte	0x4
 181 006b 07       		.byte	0x7
 182 006c E1000000 		.4byte	.LASF8
 183 0070 02       		.uleb128 0x2
 184 0071 08       		.byte	0x8
 185 0072 05       		.byte	0x5
 186 0073 C7010000 		.4byte	.LASF9
 187 0077 02       		.uleb128 0x2
 188 0078 08       		.byte	0x8
ARM GAS  C:\Users\rumackr\AppData\Local\Temp\ccIw459R.s 			page 5


 189 0079 07       		.byte	0x7
 190 007a 9F010000 		.4byte	.LASF10
 191 007e 04       		.uleb128 0x4
 192 007f 04       		.byte	0x4
 193 0080 05       		.byte	0x5
 194 0081 696E7400 		.ascii	"int\000"
 195 0085 02       		.uleb128 0x2
 196 0086 04       		.byte	0x4
 197 0087 07       		.byte	0x7
 198 0088 89010000 		.4byte	.LASF11
 199 008c 02       		.uleb128 0x2
 200 008d 08       		.byte	0x8
 201 008e 04       		.byte	0x4
 202 008f FF010000 		.4byte	.LASF12
 203 0093 02       		.uleb128 0x2
 204 0094 04       		.byte	0x4
 205 0095 07       		.byte	0x7
 206 0096 BE010000 		.4byte	.LASF13
 207 009a 02       		.uleb128 0x2
 208 009b 01       		.byte	0x1
 209 009c 08       		.byte	0x8
 210 009d D5010000 		.4byte	.LASF14
 211 00a1 03       		.uleb128 0x3
 212 00a2 E4010000 		.4byte	.LASF15
 213 00a6 03       		.byte	0x3
 214 00a7 24       		.byte	0x24
 215 00a8 3A000000 		.4byte	0x3a
 216 00ac 03       		.uleb128 0x3
 217 00ad B6010000 		.4byte	.LASF16
 218 00b1 03       		.byte	0x3
 219 00b2 2C       		.byte	0x2c
 220 00b3 4C000000 		.4byte	0x4c
 221 00b7 03       		.uleb128 0x3
 222 00b8 ED010000 		.4byte	.LASF17
 223 00bc 03       		.byte	0x3
 224 00bd 30       		.byte	0x30
 225 00be 5E000000 		.4byte	0x5e
 226 00c2 02       		.uleb128 0x2
 227 00c3 04       		.byte	0x4
 228 00c4 04       		.byte	0x4
 229 00c5 39000000 		.4byte	.LASF18
 230 00c9 02       		.uleb128 0x2
 231 00ca 08       		.byte	0x8
 232 00cb 04       		.byte	0x4
 233 00cc 1E010000 		.4byte	.LASF19
 234 00d0 05       		.uleb128 0x5
 235 00d1 0B000000 		.4byte	.LASF28
 236 00d5 01       		.byte	0x1
 237 00d6 12       		.byte	0x12
 238 00d7 00000000 		.4byte	.LFB64
 239 00db 74000000 		.4byte	.LFE64-.LFB64
 240 00df 01       		.uleb128 0x1
 241 00e0 9C       		.byte	0x9c
 242 00e1 83010000 		.4byte	0x183
 243 00e5 06       		.uleb128 0x6
 244 00e6 1A000000 		.4byte	.LASF20
 245 00ea 01       		.byte	0x1
ARM GAS  C:\Users\rumackr\AppData\Local\Temp\ccIw459R.s 			page 6


 246 00eb 12       		.byte	0x12
 247 00ec 83010000 		.4byte	0x183
 248 00f0 00000000 		.4byte	.LLST0
 249 00f4 07       		.uleb128 0x7
 250 00f5 66727100 		.ascii	"frq\000"
 251 00f9 01       		.byte	0x1
 252 00fa 12       		.byte	0x12
 253 00fb A1000000 		.4byte	0xa1
 254 00ff 2C000000 		.4byte	.LLST1
 255 0103 08       		.uleb128 0x8
 256 0104 3F000000 		.4byte	.LASF21
 257 0108 01       		.byte	0x1
 258 0109 1C       		.byte	0x1c
 259 010a B7000000 		.4byte	0xb7
 260 010e 4A000000 		.4byte	.LLST2
 261 0112 08       		.uleb128 0x8
 262 0113 30000000 		.4byte	.LASF22
 263 0117 01       		.byte	0x1
 264 0118 1D       		.byte	0x1d
 265 0119 B7000000 		.4byte	0xb7
 266 011d 68000000 		.4byte	.LLST3
 267 0121 09       		.uleb128 0x9
 268 0122 3C000000 		.4byte	.LBB2
 269 0126 24000000 		.4byte	.LBE2-.LBB2
 270 012a 0A       		.uleb128 0xa
 271 012b 6900     		.ascii	"i\000"
 272 012d 01       		.byte	0x1
 273 012e 1E       		.byte	0x1e
 274 012f 7E000000 		.4byte	0x7e
 275 0133 7B000000 		.4byte	.LLST4
 276 0137 0B       		.uleb128 0xb
 277 0138 46000000 		.4byte	.LVL11
 278 013c 99010000 		.4byte	0x199
 279 0140 4A010000 		.4byte	0x14a
 280 0144 0C       		.uleb128 0xc
 281 0145 01       		.uleb128 0x1
 282 0146 50       		.byte	0x50
 283 0147 01       		.uleb128 0x1
 284 0148 31       		.byte	0x31
 285 0149 00       		.byte	0
 286 014a 0B       		.uleb128 0xb
 287 014b 4E000000 		.4byte	.LVL12
 288 014f A4010000 		.4byte	0x1a4
 289 0153 5E010000 		.4byte	0x15e
 290 0157 0C       		.uleb128 0xc
 291 0158 01       		.uleb128 0x1
 292 0159 50       		.byte	0x50
 293 015a 02       		.uleb128 0x2
 294 015b 75       		.byte	0x75
 295 015c 00       		.sleb128 0
 296 015d 00       		.byte	0
 297 015e 0B       		.uleb128 0xb
 298 015f 54000000 		.4byte	.LVL13
 299 0163 99010000 		.4byte	0x199
 300 0167 71010000 		.4byte	0x171
 301 016b 0C       		.uleb128 0xc
 302 016c 01       		.uleb128 0x1
ARM GAS  C:\Users\rumackr\AppData\Local\Temp\ccIw459R.s 			page 7


 303 016d 50       		.byte	0x50
 304 016e 01       		.uleb128 0x1
 305 016f 30       		.byte	0x30
 306 0170 00       		.byte	0
 307 0171 0D       		.uleb128 0xd
 308 0172 5A000000 		.4byte	.LVL14
 309 0176 A4010000 		.4byte	0x1a4
 310 017a 0C       		.uleb128 0xc
 311 017b 01       		.uleb128 0x1
 312 017c 50       		.byte	0x50
 313 017d 02       		.uleb128 0x2
 314 017e 75       		.byte	0x75
 315 017f 00       		.sleb128 0
 316 0180 00       		.byte	0
 317 0181 00       		.byte	0
 318 0182 00       		.byte	0
 319 0183 0E       		.uleb128 0xe
 320 0184 B7000000 		.4byte	0xb7
 321 0188 0F       		.uleb128 0xf
 322 0189 06010000 		.4byte	.LASF29
 323 018d 06       		.byte	0x6
 324 018e 1207     		.2byte	0x712
 325 0190 94010000 		.4byte	0x194
 326 0194 10       		.uleb128 0x10
 327 0195 AC000000 		.4byte	0xac
 328 0199 11       		.uleb128 0x11
 329 019a 00000000 		.4byte	.LASF23
 330 019e 00000000 		.4byte	.LASF23
 331 01a2 04       		.byte	0x4
 332 01a3 26       		.byte	0x26
 333 01a4 11       		.uleb128 0x11
 334 01a5 30010000 		.4byte	.LASF24
 335 01a9 30010000 		.4byte	.LASF24
 336 01ad 05       		.byte	0x5
 337 01ae 77       		.byte	0x77
 338 01af 00       		.byte	0
 339              		.section	.debug_abbrev,"",%progbits
 340              	.Ldebug_abbrev0:
 341 0000 01       		.uleb128 0x1
 342 0001 11       		.uleb128 0x11
 343 0002 01       		.byte	0x1
 344 0003 25       		.uleb128 0x25
 345 0004 0E       		.uleb128 0xe
 346 0005 13       		.uleb128 0x13
 347 0006 0B       		.uleb128 0xb
 348 0007 03       		.uleb128 0x3
 349 0008 0E       		.uleb128 0xe
 350 0009 1B       		.uleb128 0x1b
 351 000a 0E       		.uleb128 0xe
 352 000b 55       		.uleb128 0x55
 353 000c 17       		.uleb128 0x17
 354 000d 11       		.uleb128 0x11
 355 000e 01       		.uleb128 0x1
 356 000f 10       		.uleb128 0x10
 357 0010 17       		.uleb128 0x17
 358 0011 00       		.byte	0
 359 0012 00       		.byte	0
ARM GAS  C:\Users\rumackr\AppData\Local\Temp\ccIw459R.s 			page 8


 360 0013 02       		.uleb128 0x2
 361 0014 24       		.uleb128 0x24
 362 0015 00       		.byte	0
 363 0016 0B       		.uleb128 0xb
 364 0017 0B       		.uleb128 0xb
 365 0018 3E       		.uleb128 0x3e
 366 0019 0B       		.uleb128 0xb
 367 001a 03       		.uleb128 0x3
 368 001b 0E       		.uleb128 0xe
 369 001c 00       		.byte	0
 370 001d 00       		.byte	0
 371 001e 03       		.uleb128 0x3
 372 001f 16       		.uleb128 0x16
 373 0020 00       		.byte	0
 374 0021 03       		.uleb128 0x3
 375 0022 0E       		.uleb128 0xe
 376 0023 3A       		.uleb128 0x3a
 377 0024 0B       		.uleb128 0xb
 378 0025 3B       		.uleb128 0x3b
 379 0026 0B       		.uleb128 0xb
 380 0027 49       		.uleb128 0x49
 381 0028 13       		.uleb128 0x13
 382 0029 00       		.byte	0
 383 002a 00       		.byte	0
 384 002b 04       		.uleb128 0x4
 385 002c 24       		.uleb128 0x24
 386 002d 00       		.byte	0
 387 002e 0B       		.uleb128 0xb
 388 002f 0B       		.uleb128 0xb
 389 0030 3E       		.uleb128 0x3e
 390 0031 0B       		.uleb128 0xb
 391 0032 03       		.uleb128 0x3
 392 0033 08       		.uleb128 0x8
 393 0034 00       		.byte	0
 394 0035 00       		.byte	0
 395 0036 05       		.uleb128 0x5
 396 0037 2E       		.uleb128 0x2e
 397 0038 01       		.byte	0x1
 398 0039 3F       		.uleb128 0x3f
 399 003a 19       		.uleb128 0x19
 400 003b 03       		.uleb128 0x3
 401 003c 0E       		.uleb128 0xe
 402 003d 3A       		.uleb128 0x3a
 403 003e 0B       		.uleb128 0xb
 404 003f 3B       		.uleb128 0x3b
 405 0040 0B       		.uleb128 0xb
 406 0041 27       		.uleb128 0x27
 407 0042 19       		.uleb128 0x19
 408 0043 11       		.uleb128 0x11
 409 0044 01       		.uleb128 0x1
 410 0045 12       		.uleb128 0x12
 411 0046 06       		.uleb128 0x6
 412 0047 40       		.uleb128 0x40
 413 0048 18       		.uleb128 0x18
 414 0049 9642     		.uleb128 0x2116
 415 004b 19       		.uleb128 0x19
 416 004c 01       		.uleb128 0x1
ARM GAS  C:\Users\rumackr\AppData\Local\Temp\ccIw459R.s 			page 9


 417 004d 13       		.uleb128 0x13
 418 004e 00       		.byte	0
 419 004f 00       		.byte	0
 420 0050 06       		.uleb128 0x6
 421 0051 05       		.uleb128 0x5
 422 0052 00       		.byte	0
 423 0053 03       		.uleb128 0x3
 424 0054 0E       		.uleb128 0xe
 425 0055 3A       		.uleb128 0x3a
 426 0056 0B       		.uleb128 0xb
 427 0057 3B       		.uleb128 0x3b
 428 0058 0B       		.uleb128 0xb
 429 0059 49       		.uleb128 0x49
 430 005a 13       		.uleb128 0x13
 431 005b 02       		.uleb128 0x2
 432 005c 17       		.uleb128 0x17
 433 005d 00       		.byte	0
 434 005e 00       		.byte	0
 435 005f 07       		.uleb128 0x7
 436 0060 05       		.uleb128 0x5
 437 0061 00       		.byte	0
 438 0062 03       		.uleb128 0x3
 439 0063 08       		.uleb128 0x8
 440 0064 3A       		.uleb128 0x3a
 441 0065 0B       		.uleb128 0xb
 442 0066 3B       		.uleb128 0x3b
 443 0067 0B       		.uleb128 0xb
 444 0068 49       		.uleb128 0x49
 445 0069 13       		.uleb128 0x13
 446 006a 02       		.uleb128 0x2
 447 006b 17       		.uleb128 0x17
 448 006c 00       		.byte	0
 449 006d 00       		.byte	0
 450 006e 08       		.uleb128 0x8
 451 006f 34       		.uleb128 0x34
 452 0070 00       		.byte	0
 453 0071 03       		.uleb128 0x3
 454 0072 0E       		.uleb128 0xe
 455 0073 3A       		.uleb128 0x3a
 456 0074 0B       		.uleb128 0xb
 457 0075 3B       		.uleb128 0x3b
 458 0076 0B       		.uleb128 0xb
 459 0077 49       		.uleb128 0x49
 460 0078 13       		.uleb128 0x13
 461 0079 02       		.uleb128 0x2
 462 007a 17       		.uleb128 0x17
 463 007b 00       		.byte	0
 464 007c 00       		.byte	0
 465 007d 09       		.uleb128 0x9
 466 007e 0B       		.uleb128 0xb
 467 007f 01       		.byte	0x1
 468 0080 11       		.uleb128 0x11
 469 0081 01       		.uleb128 0x1
 470 0082 12       		.uleb128 0x12
 471 0083 06       		.uleb128 0x6
 472 0084 00       		.byte	0
 473 0085 00       		.byte	0
ARM GAS  C:\Users\rumackr\AppData\Local\Temp\ccIw459R.s 			page 10


 474 0086 0A       		.uleb128 0xa
 475 0087 34       		.uleb128 0x34
 476 0088 00       		.byte	0
 477 0089 03       		.uleb128 0x3
 478 008a 08       		.uleb128 0x8
 479 008b 3A       		.uleb128 0x3a
 480 008c 0B       		.uleb128 0xb
 481 008d 3B       		.uleb128 0x3b
 482 008e 0B       		.uleb128 0xb
 483 008f 49       		.uleb128 0x49
 484 0090 13       		.uleb128 0x13
 485 0091 02       		.uleb128 0x2
 486 0092 17       		.uleb128 0x17
 487 0093 00       		.byte	0
 488 0094 00       		.byte	0
 489 0095 0B       		.uleb128 0xb
 490 0096 898201   		.uleb128 0x4109
 491 0099 01       		.byte	0x1
 492 009a 11       		.uleb128 0x11
 493 009b 01       		.uleb128 0x1
 494 009c 31       		.uleb128 0x31
 495 009d 13       		.uleb128 0x13
 496 009e 01       		.uleb128 0x1
 497 009f 13       		.uleb128 0x13
 498 00a0 00       		.byte	0
 499 00a1 00       		.byte	0
 500 00a2 0C       		.uleb128 0xc
 501 00a3 8A8201   		.uleb128 0x410a
 502 00a6 00       		.byte	0
 503 00a7 02       		.uleb128 0x2
 504 00a8 18       		.uleb128 0x18
 505 00a9 9142     		.uleb128 0x2111
 506 00ab 18       		.uleb128 0x18
 507 00ac 00       		.byte	0
 508 00ad 00       		.byte	0
 509 00ae 0D       		.uleb128 0xd
 510 00af 898201   		.uleb128 0x4109
 511 00b2 01       		.byte	0x1
 512 00b3 11       		.uleb128 0x11
 513 00b4 01       		.uleb128 0x1
 514 00b5 31       		.uleb128 0x31
 515 00b6 13       		.uleb128 0x13
 516 00b7 00       		.byte	0
 517 00b8 00       		.byte	0
 518 00b9 0E       		.uleb128 0xe
 519 00ba 26       		.uleb128 0x26
 520 00bb 00       		.byte	0
 521 00bc 49       		.uleb128 0x49
 522 00bd 13       		.uleb128 0x13
 523 00be 00       		.byte	0
 524 00bf 00       		.byte	0
 525 00c0 0F       		.uleb128 0xf
 526 00c1 34       		.uleb128 0x34
 527 00c2 00       		.byte	0
 528 00c3 03       		.uleb128 0x3
 529 00c4 0E       		.uleb128 0xe
 530 00c5 3A       		.uleb128 0x3a
ARM GAS  C:\Users\rumackr\AppData\Local\Temp\ccIw459R.s 			page 11


 531 00c6 0B       		.uleb128 0xb
 532 00c7 3B       		.uleb128 0x3b
 533 00c8 05       		.uleb128 0x5
 534 00c9 49       		.uleb128 0x49
 535 00ca 13       		.uleb128 0x13
 536 00cb 3F       		.uleb128 0x3f
 537 00cc 19       		.uleb128 0x19
 538 00cd 3C       		.uleb128 0x3c
 539 00ce 19       		.uleb128 0x19
 540 00cf 00       		.byte	0
 541 00d0 00       		.byte	0
 542 00d1 10       		.uleb128 0x10
 543 00d2 35       		.uleb128 0x35
 544 00d3 00       		.byte	0
 545 00d4 49       		.uleb128 0x49
 546 00d5 13       		.uleb128 0x13
 547 00d6 00       		.byte	0
 548 00d7 00       		.byte	0
 549 00d8 11       		.uleb128 0x11
 550 00d9 2E       		.uleb128 0x2e
 551 00da 00       		.byte	0
 552 00db 3F       		.uleb128 0x3f
 553 00dc 19       		.uleb128 0x19
 554 00dd 3C       		.uleb128 0x3c
 555 00de 19       		.uleb128 0x19
 556 00df 6E       		.uleb128 0x6e
 557 00e0 0E       		.uleb128 0xe
 558 00e1 03       		.uleb128 0x3
 559 00e2 0E       		.uleb128 0xe
 560 00e3 3A       		.uleb128 0x3a
 561 00e4 0B       		.uleb128 0xb
 562 00e5 3B       		.uleb128 0x3b
 563 00e6 0B       		.uleb128 0xb
 564 00e7 00       		.byte	0
 565 00e8 00       		.byte	0
 566 00e9 00       		.byte	0
 567              		.section	.debug_loc,"",%progbits
 568              	.Ldebug_loc0:
 569              	.LLST0:
 570 0000 00000000 		.4byte	.LVL0
 571 0004 10000000 		.4byte	.LVL2
 572 0008 0100     		.2byte	0x1
 573 000a 50       		.byte	0x50
 574 000b 10000000 		.4byte	.LVL2
 575 000f 3E000000 		.4byte	.LVL9
 576 0013 0100     		.2byte	0x1
 577 0015 54       		.byte	0x54
 578 0016 3E000000 		.4byte	.LVL9
 579 001a 74000000 		.4byte	.LFE64
 580 001e 0400     		.2byte	0x4
 581 0020 F3       		.byte	0xf3
 582 0021 01       		.uleb128 0x1
 583 0022 50       		.byte	0x50
 584 0023 9F       		.byte	0x9f
 585 0024 00000000 		.4byte	0
 586 0028 00000000 		.4byte	0
 587              	.LLST1:
ARM GAS  C:\Users\rumackr\AppData\Local\Temp\ccIw459R.s 			page 12


 588 002c 00000000 		.4byte	.LVL0
 589 0030 0E000000 		.4byte	.LVL1
 590 0034 0100     		.2byte	0x1
 591 0036 51       		.byte	0x51
 592 0037 0E000000 		.4byte	.LVL1
 593 003b 13000000 		.4byte	.LVL3-1
 594 003f 0100     		.2byte	0x1
 595 0041 51       		.byte	0x51
 596 0042 00000000 		.4byte	0
 597 0046 00000000 		.4byte	0
 598              	.LLST2:
 599 004a 30000000 		.4byte	.LVL7
 600 004e 40000000 		.4byte	.LVL10
 601 0052 0100     		.2byte	0x1
 602 0054 50       		.byte	0x50
 603 0055 40000000 		.4byte	.LVL10
 604 0059 62000000 		.4byte	.LVL16
 605 005d 0100     		.2byte	0x1
 606 005f 57       		.byte	0x57
 607 0060 00000000 		.4byte	0
 608 0064 00000000 		.4byte	0
 609              	.LLST3:
 610 0068 3C000000 		.4byte	.LVL8
 611 006c 62000000 		.4byte	.LVL16
 612 0070 0100     		.2byte	0x1
 613 0072 56       		.byte	0x56
 614 0073 00000000 		.4byte	0
 615 0077 00000000 		.4byte	0
 616              	.LLST4:
 617 007b 3C000000 		.4byte	.LVL8
 618 007f 40000000 		.4byte	.LVL10
 619 0083 0200     		.2byte	0x2
 620 0085 30       		.byte	0x30
 621 0086 9F       		.byte	0x9f
 622 0087 40000000 		.4byte	.LVL10
 623 008b 62000000 		.4byte	.LVL16
 624 008f 0100     		.2byte	0x1
 625 0091 54       		.byte	0x54
 626 0092 00000000 		.4byte	0
 627 0096 00000000 		.4byte	0
 628              		.section	.debug_aranges,"",%progbits
 629 0000 1C000000 		.4byte	0x1c
 630 0004 0200     		.2byte	0x2
 631 0006 00000000 		.4byte	.Ldebug_info0
 632 000a 04       		.byte	0x4
 633 000b 00       		.byte	0
 634 000c 0000     		.2byte	0
 635 000e 0000     		.2byte	0
 636 0010 00000000 		.4byte	.LFB64
 637 0014 74000000 		.4byte	.LFE64-.LFB64
 638 0018 00000000 		.4byte	0
 639 001c 00000000 		.4byte	0
 640              		.section	.debug_ranges,"",%progbits
 641              	.Ldebug_ranges0:
 642 0000 00000000 		.4byte	.LFB64
 643 0004 74000000 		.4byte	.LFE64
 644 0008 00000000 		.4byte	0
ARM GAS  C:\Users\rumackr\AppData\Local\Temp\ccIw459R.s 			page 13


 645 000c 00000000 		.4byte	0
 646              		.section	.debug_line,"",%progbits
 647              	.Ldebug_line0:
 648 0000 92010000 		.section	.debug_str,"MS",%progbits,1
 648      02005601 
 648      00000201 
 648      FB0E0D00 
 648      01010101 
 649              	.LASF23:
 650 0000 42555A5A 		.ascii	"BUZZ_Write\000"
 650      5F577269 
 650      746500
 651              	.LASF28:
 652 000b 62757A7A 		.ascii	"buzzerPlayTone\000"
 652      6572506C 
 652      6179546F 
 652      6E6500
 653              	.LASF20:
 654 001a 6D735F64 		.ascii	"ms_duration\000"
 654      75726174 
 654      696F6E00 
 655              	.LASF5:
 656 0026 5F5F696E 		.ascii	"__int32_t\000"
 656      7433325F 
 656      7400
 657              	.LASF22:
 658 0030 64757261 		.ascii	"duration\000"
 658      74696F6E 
 658      00
 659              	.LASF18:
 660 0039 666C6F61 		.ascii	"float\000"
 660      7400
 661              	.LASF21:
 662 003f 64656C61 		.ascii	"delay\000"
 662      7900
 663              	.LASF1:
 664 0045 756E7369 		.ascii	"unsigned char\000"
 664      676E6564 
 664      20636861 
 664      7200
 665              	.LASF25:
 666 0053 474E5520 		.ascii	"GNU C11 5.4.1 20160609 (release) [ARM/embedded-5-br"
 666      43313120 
 666      352E342E 
 666      31203230 
 666      31363036 
 667 0086 616E6368 		.ascii	"anch revision 237715] -mcpu=cortex-m3 -mthumb -g -O"
 667      20726576 
 667      6973696F 
 667      6E203233 
 667      37373135 
 668 00b9 67202D66 		.ascii	"g -ffunction-sections -ffat-lto-objects\000"
 668      66756E63 
 668      74696F6E 
 668      2D736563 
 668      74696F6E 
 669              	.LASF8:
ARM GAS  C:\Users\rumackr\AppData\Local\Temp\ccIw459R.s 			page 14


 670 00e1 6C6F6E67 		.ascii	"long unsigned int\000"
 670      20756E73 
 670      69676E65 
 670      6420696E 
 670      7400
 671              	.LASF3:
 672 00f3 73686F72 		.ascii	"short unsigned int\000"
 672      7420756E 
 672      7369676E 
 672      65642069 
 672      6E7400
 673              	.LASF29:
 674 0106 49544D5F 		.ascii	"ITM_RxBuffer\000"
 674      52784275 
 674      66666572 
 674      00
 675              	.LASF4:
 676 0113 5F5F7569 		.ascii	"__uint16_t\000"
 676      6E743136 
 676      5F7400
 677              	.LASF19:
 678 011e 646F7562 		.ascii	"double\000"
 678      6C6500
 679              	.LASF7:
 680 0125 5F5F7569 		.ascii	"__uint32_t\000"
 680      6E743332 
 680      5F7400
 681              	.LASF24:
 682 0130 43794465 		.ascii	"CyDelayUs\000"
 682      6C617955 
 682      7300
 683              	.LASF27:
 684 013a 433A5C55 		.ascii	"C:\\Users\\rumackr\\Documents\\PSoC Creator\\Embedd"
 684      73657273 
 684      5C72756D 
 684      61636B72 
 684      5C446F63 
 685 0168 65645379 		.ascii	"edSystems4\\smart_treadmill.cydsn\000"
 685      7374656D 
 685      73345C73 
 685      6D617274 
 685      5F747265 
 686              	.LASF11:
 687 0189 756E7369 		.ascii	"unsigned int\000"
 687      676E6564 
 687      20696E74 
 687      00
 688              	.LASF26:
 689 0196 62757A7A 		.ascii	"buzzer.c\000"
 689      65722E63 
 689      00
 690              	.LASF10:
 691 019f 6C6F6E67 		.ascii	"long long unsigned int\000"
 691      206C6F6E 
 691      6720756E 
 691      7369676E 
 691      65642069 
ARM GAS  C:\Users\rumackr\AppData\Local\Temp\ccIw459R.s 			page 15


 692              	.LASF16:
 693 01b6 696E7433 		.ascii	"int32_t\000"
 693      325F7400 
 694              	.LASF13:
 695 01be 73697A65 		.ascii	"sizetype\000"
 695      74797065 
 695      00
 696              	.LASF9:
 697 01c7 6C6F6E67 		.ascii	"long long int\000"
 697      206C6F6E 
 697      6720696E 
 697      7400
 698              	.LASF14:
 699 01d5 63686172 		.ascii	"char\000"
 699      00
 700              	.LASF2:
 701 01da 73686F72 		.ascii	"short int\000"
 701      7420696E 
 701      7400
 702              	.LASF15:
 703 01e4 75696E74 		.ascii	"uint16_t\000"
 703      31365F74 
 703      00
 704              	.LASF17:
 705 01ed 75696E74 		.ascii	"uint32_t\000"
 705      33325F74 
 705      00
 706              	.LASF6:
 707 01f6 6C6F6E67 		.ascii	"long int\000"
 707      20696E74 
 707      00
 708              	.LASF12:
 709 01ff 6C6F6E67 		.ascii	"long double\000"
 709      20646F75 
 709      626C6500 
 710              	.LASF0:
 711 020b 7369676E 		.ascii	"signed char\000"
 711      65642063 
 711      68617200 
 712              		.ident	"GCC: (GNU Tools for ARM Embedded Processors) 5.4.1 20160609 (release) [ARM/embedded-5-bran
